<?xml version="1.0" encoding="UTF-8"?>
<!-- Generated by org.testng.reporters.JUnitReportReporter -->
<testsuite skipped="0" hostname="ntinltp2403005" name="grid.GridTest" tests="2" failures="0" timestamp="2021-02-17T01:15:45 IST" time="0.296" errors="0">
  <testcase name="getTitle" time="0.198" classname="grid.GridTest"/>
  <system-out/>
  <testcase name="getTitle" time="0.098" classname="grid.GridTest"/>
  <system-out/>
</testsuite> <!-- grid.GridTest -->
